<?xml version="1.0" encoding="UTF-8"?>
<!-- Generated by org.testng.reporters.JUnitReportReporter -->
<testsuite hostname="JAM-T-265" failures="0" tests="1" name="com.org.Zapbook.TestCase.Inventry_List" time="17.128" errors="0" timestamp="2023-09-26T12:27:23 IST" skipped="0">
  <testcase classname="com.org.Zapbook.TestCase.Inventry_List" name="Inventry" time="17.128"/>
  <system-out/>
</testsuite> <!-- com.org.Zapbook.TestCase.Inventry_List -->
