<?xml version="1.0" encoding="UTF-8"?>
<!-- Generated by org.testng.reporters.JUnitReportReporter -->
<testsuite hostname="JAM-T-265" failures="0" tests="1" name="com.org.Exceldataread.R" time="1.242" errors="0" timestamp="2023-10-25T10:39:07 IST" skipped="0">
  <testcase classname="com.org.Exceldataread.R" name="initDriver" time="1.242"/>
  <system-out/>
</testsuite> <!-- com.org.Exceldataread.R -->
