<?xml version="1.0" encoding="UTF-8"?>
<!-- Generated by org.testng.reporters.JUnitReportReporter -->
<testsuite hostname="JAM-T-265" failures="0" tests="1" name="com.org.Zapbook.TestCase.WaitlistTestCase" time="23.428" errors="0" timestamp="2023-10-25T17:21:10 IST" skipped="0">
  <testcase classname="com.org.Zapbook.TestCase.WaitlistTestCase" name="WaitlistVarification" time="23.428"/>
  <system-out/>
</testsuite> <!-- com.org.Zapbook.TestCase.WaitlistTestCase -->
