<?xml version="1.0" encoding="UTF-8"?>
<!-- Generated by org.testng.reporters.JUnitReportReporter -->
<testsuite hostname="JAM-T-265" failures="0" tests="1" name="com.org.Zapbook.TestCase.NewBooking" time="9.583" errors="0" timestamp="2023-10-03T10:45:13 IST" skipped="0">
  <testcase classname="com.org.Zapbook.TestCase.NewBooking" name="BookingVarification" time="9.583"/>
  <system-out/>
</testsuite> <!-- com.org.Zapbook.TestCase.NewBooking -->
