<?xml version="1.0" encoding="UTF-8"?>
<!-- Generated by org.testng.reporters.JUnitReportReporter -->
<testsuite hostname="JAM-T-265" failures="0" tests="1" name="com.org.jamtech.Zapbook.TestCase.Invetry_lnTestCase" time="14.777" errors="0" timestamp="2023-09-05T13:45:01 IST" skipped="0">
  <testcase classname="com.org.jamtech.Zapbook.TestCase.Invetry_lnTestCase" name="inventryLink" time="14.777"/>
  <system-out/>
</testsuite> <!-- com.org.jamtech.Zapbook.TestCase.Invetry_lnTestCase -->
