<?xml version="1.0" encoding="UTF-8"?>
<!-- Generated by org.testng.reporters.JUnitReportReporter -->
<testsuite hostname="JAM-T-265" failures="0" tests="1" name="com.org.Zapbook.TestCase.DtaRead" time="1.221" errors="0" timestamp="2023-10-24T15:50:51 IST" skipped="0">
  <testcase classname="com.org.Zapbook.TestCase.DtaRead" name="dataexcel" time="1.221"/>
  <system-out/>
</testsuite> <!-- com.org.Zapbook.TestCase.DtaRead -->
