<?xml version="1.0" encoding="UTF-8"?>
<!-- Generated by org.testng.reporters.JUnitReportReporter -->
<testsuite hostname="JAM-T-265" failures="0" tests="1" name="com.org.Zapbook.TestCase.GameUrl_TestCase" time="20.494" errors="0" timestamp="2023-10-16T17:52:02 IST" skipped="0">
  <testcase classname="com.org.Zapbook.TestCase.GameUrl_TestCase" name="Urlgame" time="20.494"/>
  <system-out/>
</testsuite> <!-- com.org.Zapbook.TestCase.GameUrl_TestCase -->
